2019-09-05 09:28:36.180 [main] DEBUG com.test.demo.DemoApplication - Running with Spring Boot v2.1.7.RELEASE, Spring v5.1.9.RELEASE
2019-09-05 09:34:36.281 [main] DEBUG com.test.demo.DemoApplication - Running with Spring Boot v2.1.7.RELEASE, Spring v5.1.9.RELEASE
2019-09-05 09:34:57.138 [http-nio-8080-exec-1] DEBUG com.test.demo.user.dao.UserDao.queryUsers - ==>  Preparing: select * from user 
2019-09-05 09:34:57.167 [http-nio-8080-exec-1] DEBUG com.test.demo.user.dao.UserDao.queryUsers - ==> Parameters: 
2019-09-05 09:34:57.236 [http-nio-8080-exec-1] DEBUG com.test.demo.user.dao.UserDao.queryUsers - <==      Total: 4
2019-09-05 09:36:31.430 [main] DEBUG com.test.demo.DemoApplication - Running with Spring Boot v2.1.7.RELEASE, Spring v5.1.9.RELEASE
2019-09-05 09:39:25.662 [main] DEBUG com.test.demo.DemoApplication - Running with Spring Boot v2.1.7.RELEASE, Spring v5.1.9.RELEASE
2019-09-05 09:39:55.252 [main] DEBUG com.test.demo.DemoApplication - Running with Spring Boot v2.1.7.RELEASE, Spring v5.1.9.RELEASE
2019-09-05 09:44:53.568 [main] DEBUG com.test.demo.DemoApplication - Running with Spring Boot v2.1.7.RELEASE, Spring v5.1.9.RELEASE
2019-09-05 09:45:01.280 [http-nio-8080-exec-1] DEBUG com.test.demo.user.dao.UserDao.queryUsers - ==>  Preparing: select * from user 
2019-09-05 09:45:01.294 [http-nio-8080-exec-1] DEBUG com.test.demo.user.dao.UserDao.queryUsers - ==> Parameters: 
2019-09-05 09:45:01.308 [http-nio-8080-exec-1] DEBUG com.test.demo.user.dao.UserDao.queryUsers - <==      Total: 4
2019-09-05 09:46:27.230 [main] DEBUG com.test.demo.DemoApplication - Running with Spring Boot v2.1.7.RELEASE, Spring v5.1.9.RELEASE
2019-09-05 09:46:49.949 [http-nio-8080-exec-1] DEBUG com.test.demo.user.dao.UserDao.addUser - ==>  Preparing: insert into user ( userName ) values ( ? ) 
2019-09-05 09:46:49.979 [http-nio-8080-exec-1] DEBUG com.test.demo.user.dao.UserDao.addUser - ==> Parameters: asdasd(String)
2019-09-05 09:46:50.001 [http-nio-8080-exec-1] DEBUG com.test.demo.user.dao.UserDao.addUser - <==    Updates: 1
2019-09-05 09:46:50.348 [http-nio-8080-exec-1] DEBUG com.test.demo.user.dao.UserDao.queryUserById - ==>  Preparing: select * from user where id=? 
2019-09-05 09:46:50.349 [http-nio-8080-exec-1] DEBUG com.test.demo.user.dao.UserDao.queryUserById - ==> Parameters: 6(Integer)
2019-09-05 09:46:50.366 [http-nio-8080-exec-1] DEBUG com.test.demo.user.dao.UserDao.queryUserById - <==      Total: 1
2019-09-05 09:48:47.827 [main] DEBUG com.test.demo.DemoApplication - Running with Spring Boot v2.1.7.RELEASE, Spring v5.1.9.RELEASE
2019-09-05 09:49:05.804 [main] DEBUG com.test.demo.DemoApplication - Running with Spring Boot v2.1.7.RELEASE, Spring v5.1.9.RELEASE
2019-09-05 09:49:38.400 [http-nio-8080-exec-1] DEBUG com.test.demo.user.dao.UserDao.addUser - ==>  Preparing: insert into user 
2019-09-05 09:49:38.414 [http-nio-8080-exec-1] DEBUG com.test.demo.user.dao.UserDao.addUser - ==> Parameters: 
2019-09-05 09:49:49.177 [main] DEBUG com.test.demo.DemoApplication - Running with Spring Boot v2.1.7.RELEASE, Spring v5.1.9.RELEASE
2019-09-05 09:50:08.904 [http-nio-8080-exec-3] DEBUG com.test.demo.user.dao.UserDao.addUser - ==>  Preparing: insert into user ( userName, passWord, address, phone, description ) values ( ?, ?, ?, ?, ? ) 
2019-09-05 09:50:08.919 [http-nio-8080-exec-3] DEBUG com.test.demo.user.dao.UserDao.addUser - ==> Parameters: string(String), string(String), string(String), string(String), string(String)
2019-09-05 09:50:08.944 [http-nio-8080-exec-3] DEBUG com.test.demo.user.dao.UserDao.addUser - <==    Updates: 1
2019-09-05 09:50:09.158 [http-nio-8080-exec-3] DEBUG com.test.demo.user.dao.UserDao.queryUserById - ==>  Preparing: select * from user where id=? 
2019-09-05 09:50:09.159 [http-nio-8080-exec-3] DEBUG com.test.demo.user.dao.UserDao.queryUserById - ==> Parameters: 7(Integer)
2019-09-05 09:50:09.178 [http-nio-8080-exec-3] DEBUG com.test.demo.user.dao.UserDao.queryUserById - <==      Total: 1
2019-09-05 09:50:53.240 [http-nio-8080-exec-10] DEBUG com.test.demo.user.dao.UserDao.addUser - ==>  Preparing: insert into user ( userName, passWord, address, phone, description ) values ( ?, ?, ?, ?, ? ) 
2019-09-05 09:50:53.241 [http-nio-8080-exec-10] DEBUG com.test.demo.user.dao.UserDao.addUser - ==> Parameters: string(String), string(String), string(String), string(String), string(String)
2019-09-05 09:50:53.264 [http-nio-8080-exec-10] DEBUG com.test.demo.user.dao.UserDao.addUser - <==    Updates: 1
2019-09-05 09:50:53.349 [http-nio-8080-exec-10] DEBUG com.test.demo.user.dao.UserDao.queryUserById - ==>  Preparing: select * from user where id=? 
2019-09-05 09:50:53.349 [http-nio-8080-exec-10] DEBUG com.test.demo.user.dao.UserDao.queryUserById - ==> Parameters: 8(Integer)
2019-09-05 09:50:53.351 [http-nio-8080-exec-10] DEBUG com.test.demo.user.dao.UserDao.queryUserById - <==      Total: 1
2019-09-05 10:05:32.081 [main] DEBUG com.test.demo.DemoApplication - Running with Spring Boot v2.1.7.RELEASE, Spring v5.1.9.RELEASE
2019-09-05 10:06:42.359 [main] DEBUG com.test.demo.DemoApplication - Running with Spring Boot v2.1.7.RELEASE, Spring v5.1.9.RELEASE
2019-09-05 10:06:59.944 [http-nio-8080-exec-5] DEBUG com.test.demo.user.dao.UserDao.updateUserById - ==>  Preparing: update user SET userName=?, passWord=?, address=?, phone=?, description=? where id = ? 
2019-09-05 10:06:59.959 [http-nio-8080-exec-5] DEBUG com.test.demo.user.dao.UserDao.updateUserById - ==> Parameters: string(String), string(String), string(String), string(String), string(String), 0(Integer)
2019-09-05 10:06:59.961 [http-nio-8080-exec-5] DEBUG com.test.demo.user.dao.UserDao.updateUserById - <==    Updates: 0
2019-09-05 10:06:59.966 [http-nio-8080-exec-5] DEBUG com.test.demo.user.dao.UserDao.queryUserById - ==>  Preparing: select * from user where id=? 
2019-09-05 10:06:59.966 [http-nio-8080-exec-5] DEBUG com.test.demo.user.dao.UserDao.queryUserById - ==> Parameters: 0(Integer)
2019-09-05 10:06:59.974 [http-nio-8080-exec-5] DEBUG com.test.demo.user.dao.UserDao.queryUserById - <==      Total: 0
2019-09-05 10:07:21.153 [http-nio-8080-exec-2] DEBUG com.test.demo.user.dao.UserDao.updateUserById - ==>  Preparing: update user SET userName=?, passWord=?, address=?, phone=?, description=? where id = ? 
2019-09-05 10:07:21.153 [http-nio-8080-exec-2] DEBUG com.test.demo.user.dao.UserDao.updateUserById - ==> Parameters: string(String), string(String), string(String), string(String), string(String), 0(Integer)
2019-09-05 10:07:21.155 [http-nio-8080-exec-2] DEBUG com.test.demo.user.dao.UserDao.updateUserById - <==    Updates: 0
2019-09-05 10:07:21.157 [http-nio-8080-exec-2] DEBUG com.test.demo.user.dao.UserDao.queryUserById - ==>  Preparing: select * from user where id=? 
2019-09-05 10:07:21.158 [http-nio-8080-exec-2] DEBUG com.test.demo.user.dao.UserDao.queryUserById - ==> Parameters: 0(Integer)
2019-09-05 10:07:21.159 [http-nio-8080-exec-2] DEBUG com.test.demo.user.dao.UserDao.queryUserById - <==      Total: 0
2019-09-05 10:10:43.656 [main] DEBUG com.test.demo.DemoApplication - Running with Spring Boot v2.1.7.RELEASE, Spring v5.1.9.RELEASE
2019-09-05 10:10:50.910 [http-nio-8080-exec-1] DEBUG com.test.demo.user.dao.UserDao.updateUserById - ==>  Preparing: update user SET userName=?, passWord=?, address=?, phone=?, description=? where id = ? 
2019-09-05 10:10:50.926 [http-nio-8080-exec-1] DEBUG com.test.demo.user.dao.UserDao.updateUserById - ==> Parameters: string(String), string(String), string(String), string(String), string(String), 0(Integer)
2019-09-05 10:10:50.928 [http-nio-8080-exec-1] DEBUG com.test.demo.user.dao.UserDao.updateUserById - <==    Updates: 0
2019-09-05 10:10:50.932 [http-nio-8080-exec-1] DEBUG com.test.demo.user.dao.UserDao.queryUserById - ==>  Preparing: select * from user where id=? 
2019-09-05 10:10:50.932 [http-nio-8080-exec-1] DEBUG com.test.demo.user.dao.UserDao.queryUserById - ==> Parameters: 0(Integer)
2019-09-05 10:10:50.941 [http-nio-8080-exec-1] DEBUG com.test.demo.user.dao.UserDao.queryUserById - <==      Total: 0
2019-09-05 10:10:52.806 [http-nio-8080-exec-2] DEBUG com.test.demo.user.dao.UserDao.updateUserById - ==>  Preparing: update user SET userName=?, passWord=?, address=?, phone=?, description=? where id = ? 
2019-09-05 10:10:52.806 [http-nio-8080-exec-2] DEBUG com.test.demo.user.dao.UserDao.updateUserById - ==> Parameters: string(String), string(String), string(String), string(String), string(String), 0(Integer)
2019-09-05 10:10:52.808 [http-nio-8080-exec-2] DEBUG com.test.demo.user.dao.UserDao.updateUserById - <==    Updates: 0
2019-09-05 10:10:52.811 [http-nio-8080-exec-2] DEBUG com.test.demo.user.dao.UserDao.queryUserById - ==>  Preparing: select * from user where id=? 
2019-09-05 10:10:52.811 [http-nio-8080-exec-2] DEBUG com.test.demo.user.dao.UserDao.queryUserById - ==> Parameters: 0(Integer)
2019-09-05 10:10:52.813 [http-nio-8080-exec-2] DEBUG com.test.demo.user.dao.UserDao.queryUserById - <==      Total: 0
2019-09-05 10:11:05.528 [http-nio-8080-exec-3] DEBUG com.test.demo.user.dao.UserDao.updateUserById - ==>  Preparing: update user SET userName=?, passWord=?, address=?, phone=?, description=? where id = ? 
2019-09-05 10:11:05.528 [http-nio-8080-exec-3] DEBUG com.test.demo.user.dao.UserDao.updateUserById - ==> Parameters: string(String), string(String), string(String), string(String), string(String), 6(Integer)
2019-09-05 10:11:05.540 [http-nio-8080-exec-3] DEBUG com.test.demo.user.dao.UserDao.updateUserById - <==    Updates: 1
2019-09-05 10:11:05.713 [http-nio-8080-exec-3] DEBUG com.test.demo.user.dao.UserDao.queryUserById - ==>  Preparing: select * from user where id=? 
2019-09-05 10:11:05.713 [http-nio-8080-exec-3] DEBUG com.test.demo.user.dao.UserDao.queryUserById - ==> Parameters: 6(Integer)
2019-09-05 10:11:05.718 [http-nio-8080-exec-3] DEBUG com.test.demo.user.dao.UserDao.queryUserById - <==      Total: 1
2019-09-05 10:11:14.184 [http-nio-8080-exec-4] DEBUG com.test.demo.user.dao.UserDao.updateUserById - ==>  Preparing: update user SET userName=?, passWord=?, address=?, phone=?, description=? where id = ? 
2019-09-05 10:11:14.185 [http-nio-8080-exec-4] DEBUG com.test.demo.user.dao.UserDao.updateUserById - ==> Parameters: 1(String), 3(String), 5(String), 2(String), 4(String), 6(Integer)
2019-09-05 10:11:14.192 [http-nio-8080-exec-4] DEBUG com.test.demo.user.dao.UserDao.updateUserById - <==    Updates: 1
2019-09-05 10:11:14.382 [http-nio-8080-exec-4] DEBUG com.test.demo.user.dao.UserDao.queryUserById - ==>  Preparing: select * from user where id=? 
2019-09-05 10:11:14.383 [http-nio-8080-exec-4] DEBUG com.test.demo.user.dao.UserDao.queryUserById - ==> Parameters: 6(Integer)
2019-09-05 10:11:14.386 [http-nio-8080-exec-4] DEBUG com.test.demo.user.dao.UserDao.queryUserById - <==      Total: 1
2019-09-05 10:11:24.464 [http-nio-8080-exec-6] DEBUG com.test.demo.user.dao.UserDao.updateUserById - ==>  Preparing: update user SET passWord=?, address=?, phone=?, description=? where id = ? 
2019-09-05 10:11:24.464 [http-nio-8080-exec-6] DEBUG com.test.demo.user.dao.UserDao.updateUserById - ==> Parameters: 3(String), 5(String), 2(String), 4(String), 6(Integer)
2019-09-05 10:11:24.467 [http-nio-8080-exec-6] DEBUG com.test.demo.user.dao.UserDao.updateUserById - <==    Updates: 1
2019-09-05 10:11:24.470 [http-nio-8080-exec-6] DEBUG com.test.demo.user.dao.UserDao.queryUserById - ==>  Preparing: select * from user where id=? 
2019-09-05 10:11:24.471 [http-nio-8080-exec-6] DEBUG com.test.demo.user.dao.UserDao.queryUserById - ==> Parameters: 6(Integer)
2019-09-05 10:11:24.473 [http-nio-8080-exec-6] DEBUG com.test.demo.user.dao.UserDao.queryUserById - <==      Total: 1
2019-09-05 10:11:27.456 [http-nio-8080-exec-7] DEBUG com.test.demo.user.dao.UserDao.updateUserById - ==>  Preparing: update user SET passWord=?, address=?, phone=?, description=? where id = ? 
2019-09-05 10:11:27.456 [http-nio-8080-exec-7] DEBUG com.test.demo.user.dao.UserDao.updateUserById - ==> Parameters: 3(String), 5(String), 2(String), 4(String), 6(Integer)
2019-09-05 10:11:27.457 [http-nio-8080-exec-7] DEBUG com.test.demo.user.dao.UserDao.updateUserById - <==    Updates: 1
2019-09-05 10:11:27.460 [http-nio-8080-exec-7] DEBUG com.test.demo.user.dao.UserDao.queryUserById - ==>  Preparing: select * from user where id=? 
2019-09-05 10:11:27.479 [http-nio-8080-exec-7] DEBUG com.test.demo.user.dao.UserDao.queryUserById - ==> Parameters: 6(Integer)
2019-09-05 10:11:27.481 [http-nio-8080-exec-7] DEBUG com.test.demo.user.dao.UserDao.queryUserById - <==      Total: 1
2019-09-05 10:11:27.624 [http-nio-8080-exec-8] DEBUG com.test.demo.user.dao.UserDao.updateUserById - ==>  Preparing: update user SET passWord=?, address=?, phone=?, description=? where id = ? 
2019-09-05 10:11:27.624 [http-nio-8080-exec-8] DEBUG com.test.demo.user.dao.UserDao.updateUserById - ==> Parameters: 3(String), 5(String), 2(String), 4(String), 6(Integer)
2019-09-05 10:11:27.625 [http-nio-8080-exec-8] DEBUG com.test.demo.user.dao.UserDao.updateUserById - <==    Updates: 1
2019-09-05 10:11:27.628 [http-nio-8080-exec-8] DEBUG com.test.demo.user.dao.UserDao.queryUserById - ==>  Preparing: select * from user where id=? 
2019-09-05 10:11:27.628 [http-nio-8080-exec-8] DEBUG com.test.demo.user.dao.UserDao.queryUserById - ==> Parameters: 6(Integer)
2019-09-05 10:11:27.630 [http-nio-8080-exec-8] DEBUG com.test.demo.user.dao.UserDao.queryUserById - <==      Total: 1
2019-09-05 10:11:32.284 [http-nio-8080-exec-10] DEBUG com.test.demo.user.dao.UserDao.updateUserById - ==>  Preparing: update user SET passWord=?, address=?, phone=?, description=? where id = ? 
2019-09-05 10:11:32.285 [http-nio-8080-exec-10] DEBUG com.test.demo.user.dao.UserDao.updateUserById - ==> Parameters: 3(String), 5(String), 21(String), 4(String), 6(Integer)
2019-09-05 10:11:32.294 [http-nio-8080-exec-10] DEBUG com.test.demo.user.dao.UserDao.updateUserById - <==    Updates: 1
2019-09-05 10:11:32.480 [http-nio-8080-exec-10] DEBUG com.test.demo.user.dao.UserDao.queryUserById - ==>  Preparing: select * from user where id=? 
2019-09-05 10:11:32.481 [http-nio-8080-exec-10] DEBUG com.test.demo.user.dao.UserDao.queryUserById - ==> Parameters: 6(Integer)
2019-09-05 10:11:32.484 [http-nio-8080-exec-10] DEBUG com.test.demo.user.dao.UserDao.queryUserById - <==      Total: 1
2019-09-05 10:11:37.488 [http-nio-8080-exec-9] DEBUG com.test.demo.user.dao.UserDao.updateUserById - ==>  Preparing: update user SET passWord=?, address=?, phone=?, description=? where id = ? 
2019-09-05 10:11:37.489 [http-nio-8080-exec-9] DEBUG com.test.demo.user.dao.UserDao.updateUserById - ==> Parameters: 2324(String), 5(String), 21(String), 4(String), 6(Integer)
2019-09-05 10:11:37.496 [http-nio-8080-exec-9] DEBUG com.test.demo.user.dao.UserDao.updateUserById - <==    Updates: 1
2019-09-05 10:11:37.624 [http-nio-8080-exec-9] DEBUG com.test.demo.user.dao.UserDao.queryUserById - ==>  Preparing: select * from user where id=? 
2019-09-05 10:11:37.625 [http-nio-8080-exec-9] DEBUG com.test.demo.user.dao.UserDao.queryUserById - ==> Parameters: 6(Integer)
2019-09-05 10:11:37.628 [http-nio-8080-exec-9] DEBUG com.test.demo.user.dao.UserDao.queryUserById - <==      Total: 1
2019-09-05 10:40:30.205 [http-nio-8080-exec-2] DEBUG com.test.demo.user.dao.UserDao.deleteUserById - ==>  Preparing: delete from user where id=? 
2019-09-05 10:40:30.205 [http-nio-8080-exec-2] DEBUG com.test.demo.user.dao.UserDao.deleteUserById - ==> Parameters: 9(Integer)
2019-09-05 10:40:30.206 [http-nio-8080-exec-2] DEBUG com.test.demo.user.dao.UserDao.deleteUserById - <==    Updates: 0
2019-09-05 10:40:35.612 [http-nio-8080-exec-3] DEBUG com.test.demo.user.dao.UserDao.deleteUserById - ==>  Preparing: delete from user where id=? 
2019-09-05 10:40:35.612 [http-nio-8080-exec-3] DEBUG com.test.demo.user.dao.UserDao.deleteUserById - ==> Parameters: 9(Integer)
2019-09-05 10:40:35.613 [http-nio-8080-exec-3] DEBUG com.test.demo.user.dao.UserDao.deleteUserById - <==    Updates: 0
2019-09-05 10:40:35.959 [http-nio-8080-exec-4] DEBUG com.test.demo.user.dao.UserDao.deleteUserById - ==>  Preparing: delete from user where id=? 
2019-09-05 10:40:35.960 [http-nio-8080-exec-4] DEBUG com.test.demo.user.dao.UserDao.deleteUserById - ==> Parameters: 9(Integer)
2019-09-05 10:40:35.960 [http-nio-8080-exec-4] DEBUG com.test.demo.user.dao.UserDao.deleteUserById - <==    Updates: 0
2019-09-05 10:40:36.135 [http-nio-8080-exec-5] DEBUG com.test.demo.user.dao.UserDao.deleteUserById - ==>  Preparing: delete from user where id=? 
2019-09-05 10:40:36.136 [http-nio-8080-exec-5] DEBUG com.test.demo.user.dao.UserDao.deleteUserById - ==> Parameters: 9(Integer)
2019-09-05 10:40:36.136 [http-nio-8080-exec-5] DEBUG com.test.demo.user.dao.UserDao.deleteUserById - <==    Updates: 0
2019-09-05 10:40:36.315 [http-nio-8080-exec-6] DEBUG com.test.demo.user.dao.UserDao.deleteUserById - ==>  Preparing: delete from user where id=? 
2019-09-05 10:40:36.315 [http-nio-8080-exec-6] DEBUG com.test.demo.user.dao.UserDao.deleteUserById - ==> Parameters: 9(Integer)
2019-09-05 10:40:36.316 [http-nio-8080-exec-6] DEBUG com.test.demo.user.dao.UserDao.deleteUserById - <==    Updates: 0
2019-09-05 10:40:36.469 [http-nio-8080-exec-7] DEBUG com.test.demo.user.dao.UserDao.deleteUserById - ==>  Preparing: delete from user where id=? 
2019-09-05 10:40:36.469 [http-nio-8080-exec-7] DEBUG com.test.demo.user.dao.UserDao.deleteUserById - ==> Parameters: 9(Integer)
2019-09-05 10:40:36.470 [http-nio-8080-exec-7] DEBUG com.test.demo.user.dao.UserDao.deleteUserById - <==    Updates: 0
2019-09-05 10:40:36.637 [http-nio-8080-exec-8] DEBUG com.test.demo.user.dao.UserDao.deleteUserById - ==>  Preparing: delete from user where id=? 
2019-09-05 10:40:36.637 [http-nio-8080-exec-8] DEBUG com.test.demo.user.dao.UserDao.deleteUserById - ==> Parameters: 9(Integer)
2019-09-05 10:40:36.638 [http-nio-8080-exec-8] DEBUG com.test.demo.user.dao.UserDao.deleteUserById - <==    Updates: 0
2019-09-05 10:40:36.796 [http-nio-8080-exec-10] DEBUG com.test.demo.user.dao.UserDao.deleteUserById - ==>  Preparing: delete from user where id=? 
2019-09-05 10:40:36.796 [http-nio-8080-exec-10] DEBUG com.test.demo.user.dao.UserDao.deleteUserById - ==> Parameters: 9(Integer)
2019-09-05 10:40:36.797 [http-nio-8080-exec-10] DEBUG com.test.demo.user.dao.UserDao.deleteUserById - <==    Updates: 0
2019-09-05 10:40:39.579 [http-nio-8080-exec-9] DEBUG com.test.demo.user.dao.UserDao.deleteUserById - ==>  Preparing: delete from user where id=? 
2019-09-05 10:40:39.580 [http-nio-8080-exec-9] DEBUG com.test.demo.user.dao.UserDao.deleteUserById - ==> Parameters: 6(Integer)
2019-09-05 10:40:39.591 [http-nio-8080-exec-9] DEBUG com.test.demo.user.dao.UserDao.deleteUserById - <==    Updates: 1
2019-09-05 11:07:20.749 [main] DEBUG com.test.demo.DemoApplication - Running with Spring Boot v2.1.7.RELEASE, Spring v5.1.9.RELEASE
2019-09-05 11:07:39.326 [http-nio-8080-exec-6] DEBUG com.test.demo.user.dao.UserDao.queryUsers - ==>  Preparing: select * from user 
2019-09-05 11:07:39.342 [http-nio-8080-exec-6] DEBUG com.test.demo.user.dao.UserDao.queryUsers - ==> Parameters: 
2019-09-05 11:07:39.356 [http-nio-8080-exec-6] DEBUG com.test.demo.user.dao.UserDao.queryUsers - <==      Total: 6
2019-09-05 11:09:49.967 [http-nio-8080-exec-1] DEBUG com.test.demo.user.dao.UserDao.queryUserById - ==>  Preparing: select * from user where id=? 
2019-09-05 11:09:49.967 [http-nio-8080-exec-1] DEBUG com.test.demo.user.dao.UserDao.queryUserById - ==> Parameters: 231(Integer)
2019-09-05 11:09:49.968 [http-nio-8080-exec-1] DEBUG com.test.demo.user.dao.UserDao.queryUserById - <==      Total: 0
2019-09-05 11:09:52.884 [http-nio-8080-exec-5] DEBUG com.test.demo.user.dao.UserDao.queryUserById - ==>  Preparing: select * from user where id=? 
2019-09-05 11:09:52.884 [http-nio-8080-exec-5] DEBUG com.test.demo.user.dao.UserDao.queryUserById - ==> Parameters: 1(Integer)
2019-09-05 11:09:52.885 [http-nio-8080-exec-5] DEBUG com.test.demo.user.dao.UserDao.queryUserById - <==      Total: 1
2019-09-05 11:12:47.474 [main] DEBUG com.test.demo.DemoApplication - Running with Spring Boot v2.1.7.RELEASE, Spring v5.1.9.RELEASE
2019-09-05 11:32:36.671 [main] DEBUG com.test.demo.DemoApplication - Running with Spring Boot v2.1.7.RELEASE, Spring v5.1.9.RELEASE
2019-09-05 11:33:00.893 [http-nio-8080-exec-6] DEBUG com.test.demo.user.dao.UserDao.queryUserByUserName - ==>  Preparing: select * from user where userName=? 
2019-09-05 11:33:00.909 [http-nio-8080-exec-6] DEBUG com.test.demo.user.dao.UserDao.queryUserByUserName - ==> Parameters: user(String)
2019-09-05 11:33:00.922 [http-nio-8080-exec-6] DEBUG com.test.demo.user.dao.UserDao.queryUserByUserName - <==      Total: 1
2019-09-05 11:34:14.439 [main] DEBUG com.test.demo.DemoApplication - Running with Spring Boot v2.1.7.RELEASE, Spring v5.1.9.RELEASE
2019-09-05 11:34:37.869 [http-nio-8080-exec-2] DEBUG com.test.demo.user.dao.UserDao.queryUserByUserName - ==>  Preparing: select * from user where userName=? 
2019-09-05 11:34:37.884 [http-nio-8080-exec-2] DEBUG com.test.demo.user.dao.UserDao.queryUserByUserName - ==> Parameters: user(String)
2019-09-05 11:34:37.897 [http-nio-8080-exec-2] DEBUG com.test.demo.user.dao.UserDao.queryUserByUserName - <==      Total: 1
2019-09-05 11:35:01.850 [main] DEBUG com.test.demo.DemoApplication - Running with Spring Boot v2.1.7.RELEASE, Spring v5.1.9.RELEASE
2019-09-05 11:35:38.847 [http-nio-8080-exec-5] DEBUG com.test.demo.user.dao.UserDao.queryUserByUserName - ==>  Preparing: select * from user where userName=? 
2019-09-05 11:35:38.863 [http-nio-8080-exec-5] DEBUG com.test.demo.user.dao.UserDao.queryUserByUserName - ==> Parameters: user(String)
2019-09-05 11:35:38.876 [http-nio-8080-exec-5] DEBUG com.test.demo.user.dao.UserDao.queryUserByUserName - <==      Total: 1
2019-09-05 11:36:04.549 [main] DEBUG com.test.demo.DemoApplication - Running with Spring Boot v2.1.7.RELEASE, Spring v5.1.9.RELEASE
2019-09-05 11:36:19.989 [http-nio-8080-exec-5] DEBUG com.test.demo.user.dao.UserDao.queryUserByUserName - ==>  Preparing: select * from user where userName=? 
2019-09-05 11:36:20.004 [http-nio-8080-exec-5] DEBUG com.test.demo.user.dao.UserDao.queryUserByUserName - ==> Parameters: user(String)
2019-09-05 11:36:20.017 [http-nio-8080-exec-5] DEBUG com.test.demo.user.dao.UserDao.queryUserByUserName - <==      Total: 1
2019-09-05 11:50:10.754 [main] DEBUG com.test.demo.DemoApplication - Running with Spring Boot v2.1.7.RELEASE, Spring v5.1.9.RELEASE
2019-09-05 11:55:48.330 [main] DEBUG com.test.demo.DemoApplication - Running with Spring Boot v2.1.7.RELEASE, Spring v5.1.9.RELEASE
2019-09-05 11:56:14.830 [http-nio-8080-exec-7] DEBUG com.test.demo.user.dao.UserDao.queryUsers - ==>  Preparing: select * from user 
2019-09-05 11:56:14.845 [http-nio-8080-exec-7] DEBUG com.test.demo.user.dao.UserDao.queryUsers - ==> Parameters: 
2019-09-05 11:56:14.858 [http-nio-8080-exec-7] DEBUG com.test.demo.user.dao.UserDao.queryUsers - <==      Total: 6
2019-09-05 12:00:02.436 [main] DEBUG com.test.demo.DemoApplication - Running with Spring Boot v2.1.7.RELEASE, Spring v5.1.9.RELEASE
2019-09-05 14:08:07.682 [http-nio-8080-exec-10] DEBUG com.test.demo.user.dao.UserDao.queryUsers - ==>  Preparing: select * from user 
2019-09-05 14:08:07.696 [http-nio-8080-exec-10] DEBUG com.test.demo.user.dao.UserDao.queryUsers - ==> Parameters: 
2019-09-05 14:08:07.710 [http-nio-8080-exec-10] DEBUG com.test.demo.user.dao.UserDao.queryUsers - <==      Total: 6
2019-09-05 14:08:30.110 [main] DEBUG com.test.demo.DemoApplication - Running with Spring Boot v2.1.7.RELEASE, Spring v5.1.9.RELEASE
2019-09-05 15:00:40.155 [main] DEBUG com.test.demo.DemoApplication - Running with Spring Boot v2.1.7.RELEASE, Spring v5.1.9.RELEASE
2019-09-05 15:03:37.854 [main] DEBUG com.test.demo.DemoApplication - Running with Spring Boot v2.1.7.RELEASE, Spring v5.1.9.RELEASE
2019-09-05 15:08:31.069 [main] DEBUG com.test.demo.DemoApplication - Running with Spring Boot v2.1.7.RELEASE, Spring v5.1.9.RELEASE
2019-09-05 15:09:50.354 [http-nio-8080-exec-1] DEBUG com.test.demo.user.dao.UserDao.queryUsers - ==>  Preparing: select * from user 
2019-09-05 15:09:50.370 [http-nio-8080-exec-1] DEBUG com.test.demo.user.dao.UserDao.queryUsers - ==> Parameters: 
2019-09-05 15:09:50.442 [http-nio-8080-exec-1] DEBUG com.test.demo.user.dao.UserDao.queryUsers - <==      Total: 6
2019-09-05 15:09:52.518 [http-nio-8080-exec-2] DEBUG com.test.demo.user.dao.UserDao.queryUsers - ==>  Preparing: select * from user 
2019-09-05 15:09:52.518 [http-nio-8080-exec-2] DEBUG com.test.demo.user.dao.UserDao.queryUsers - ==> Parameters: 
2019-09-05 15:09:52.520 [http-nio-8080-exec-2] DEBUG com.test.demo.user.dao.UserDao.queryUsers - <==      Total: 6
2019-09-05 15:09:53.000 [http-nio-8080-exec-3] DEBUG com.test.demo.user.dao.UserDao.queryUsers - ==>  Preparing: select * from user 
2019-09-05 15:09:53.001 [http-nio-8080-exec-3] DEBUG com.test.demo.user.dao.UserDao.queryUsers - ==> Parameters: 
2019-09-05 15:09:53.003 [http-nio-8080-exec-3] DEBUG com.test.demo.user.dao.UserDao.queryUsers - <==      Total: 6
2019-09-05 15:09:53.163 [http-nio-8080-exec-4] DEBUG com.test.demo.user.dao.UserDao.queryUsers - ==>  Preparing: select * from user 
2019-09-05 15:09:53.163 [http-nio-8080-exec-4] DEBUG com.test.demo.user.dao.UserDao.queryUsers - ==> Parameters: 
2019-09-05 15:09:53.165 [http-nio-8080-exec-4] DEBUG com.test.demo.user.dao.UserDao.queryUsers - <==      Total: 6
2019-09-05 15:09:53.323 [http-nio-8080-exec-5] DEBUG com.test.demo.user.dao.UserDao.queryUsers - ==>  Preparing: select * from user 
2019-09-05 15:09:53.323 [http-nio-8080-exec-5] DEBUG com.test.demo.user.dao.UserDao.queryUsers - ==> Parameters: 
2019-09-05 15:09:53.325 [http-nio-8080-exec-5] DEBUG com.test.demo.user.dao.UserDao.queryUsers - <==      Total: 6
2019-09-05 15:10:57.726 [main] DEBUG com.test.demo.DemoApplication - Running with Spring Boot v2.1.7.RELEASE, Spring v5.1.9.RELEASE
2019-09-05 15:11:07.641 [http-nio-8080-exec-2] DEBUG com.test.demo.user.dao.UserDao.queryUsers - ==>  Preparing: select * from user 
2019-09-05 15:11:07.656 [http-nio-8080-exec-2] DEBUG com.test.demo.user.dao.UserDao.queryUsers - ==> Parameters: 
2019-09-05 15:11:07.670 [http-nio-8080-exec-2] DEBUG com.test.demo.user.dao.UserDao.queryUsers - <==      Total: 6
2019-09-05 15:28:08.899 [main] DEBUG com.test.demo.DemoApplication - Running with Spring Boot v2.1.7.RELEASE, Spring v5.1.9.RELEASE
2019-09-05 15:28:27.920 [http-nio-8080-exec-1] DEBUG com.test.demo.user.dao.UserDao.queryUsers - ==>  Preparing: select * from user 
2019-09-05 15:28:27.936 [http-nio-8080-exec-1] DEBUG com.test.demo.user.dao.UserDao.queryUsers - ==> Parameters: 
2019-09-05 15:28:27.950 [http-nio-8080-exec-1] DEBUG com.test.demo.user.dao.UserDao.queryUsers - <==      Total: 6
2019-09-05 15:28:31.362 [http-nio-8080-exec-10] DEBUG com.test.demo.user.dao.UserDao.queryUsers - ==>  Preparing: select * from user 
2019-09-05 15:28:31.362 [http-nio-8080-exec-10] DEBUG com.test.demo.user.dao.UserDao.queryUsers - ==> Parameters: 
2019-09-05 15:28:31.364 [http-nio-8080-exec-10] DEBUG com.test.demo.user.dao.UserDao.queryUsers - <==      Total: 6
2019-09-05 15:28:31.520 [http-nio-8080-exec-7] DEBUG com.test.demo.user.dao.UserDao.queryUsers - ==>  Preparing: select * from user 
2019-09-05 15:28:31.521 [http-nio-8080-exec-7] DEBUG com.test.demo.user.dao.UserDao.queryUsers - ==> Parameters: 
2019-09-05 15:28:31.523 [http-nio-8080-exec-7] DEBUG com.test.demo.user.dao.UserDao.queryUsers - <==      Total: 6
2019-09-05 15:28:31.670 [http-nio-8080-exec-3] DEBUG com.test.demo.user.dao.UserDao.queryUsers - ==>  Preparing: select * from user 
2019-09-05 15:28:31.670 [http-nio-8080-exec-3] DEBUG com.test.demo.user.dao.UserDao.queryUsers - ==> Parameters: 
2019-09-05 15:28:31.672 [http-nio-8080-exec-3] DEBUG com.test.demo.user.dao.UserDao.queryUsers - <==      Total: 6
2019-09-05 15:28:31.838 [http-nio-8080-exec-2] DEBUG com.test.demo.user.dao.UserDao.queryUsers - ==>  Preparing: select * from user 
2019-09-05 15:28:31.838 [http-nio-8080-exec-2] DEBUG com.test.demo.user.dao.UserDao.queryUsers - ==> Parameters: 
2019-09-05 15:28:31.840 [http-nio-8080-exec-2] DEBUG com.test.demo.user.dao.UserDao.queryUsers - <==      Total: 6
2019-09-05 15:28:31.965 [http-nio-8080-exec-4] DEBUG com.test.demo.user.dao.UserDao.queryUsers - ==>  Preparing: select * from user 
2019-09-05 15:28:31.965 [http-nio-8080-exec-4] DEBUG com.test.demo.user.dao.UserDao.queryUsers - ==> Parameters: 
2019-09-05 15:28:31.967 [http-nio-8080-exec-4] DEBUG com.test.demo.user.dao.UserDao.queryUsers - <==      Total: 6
2019-09-05 18:05:34.007 [main] DEBUG com.test.demo.DemoApplication - Running with Spring Boot v2.1.7.RELEASE, Spring v5.1.9.RELEASE
