2019-09-04 10:31:37.049 [main] DEBUG com.test.demo.DemoApplication - Running with Spring Boot v2.1.7.RELEASE, Spring v5.1.9.RELEASE
2019-09-04 10:32:28.846 [http-nio-8080-exec-7] DEBUG com.test.demo.user.dao.UserDao.queryUsers - ==>  Preparing: select * from user 
2019-09-04 10:32:28.890 [http-nio-8080-exec-7] DEBUG com.test.demo.user.dao.UserDao.queryUsers - ==> Parameters: 
2019-09-04 10:32:28.951 [http-nio-8080-exec-7] DEBUG com.test.demo.user.dao.UserDao.queryUsers - <==      Total: 4
2019-09-04 10:32:35.845 [http-nio-8080-exec-8] DEBUG com.test.demo.user.dao.UserDao.queryUsers - ==>  Preparing: select * from user 
2019-09-04 10:32:35.845 [http-nio-8080-exec-8] DEBUG com.test.demo.user.dao.UserDao.queryUsers - ==> Parameters: 
2019-09-04 10:32:35.847 [http-nio-8080-exec-8] DEBUG com.test.demo.user.dao.UserDao.queryUsers - <==      Total: 4
2019-09-04 10:32:35.978 [http-nio-8080-exec-5] DEBUG com.test.demo.user.dao.UserDao.queryUsers - ==>  Preparing: select * from user 
2019-09-04 10:32:35.978 [http-nio-8080-exec-5] DEBUG com.test.demo.user.dao.UserDao.queryUsers - ==> Parameters: 
2019-09-04 10:32:35.979 [http-nio-8080-exec-5] DEBUG com.test.demo.user.dao.UserDao.queryUsers - <==      Total: 4
2019-09-04 10:32:36.155 [http-nio-8080-exec-10] DEBUG com.test.demo.user.dao.UserDao.queryUsers - ==>  Preparing: select * from user 
2019-09-04 10:32:36.155 [http-nio-8080-exec-10] DEBUG com.test.demo.user.dao.UserDao.queryUsers - ==> Parameters: 
2019-09-04 10:32:36.158 [http-nio-8080-exec-10] DEBUG com.test.demo.user.dao.UserDao.queryUsers - <==      Total: 4
2019-09-04 10:32:36.304 [http-nio-8080-exec-9] DEBUG com.test.demo.user.dao.UserDao.queryUsers - ==>  Preparing: select * from user 
2019-09-04 10:32:36.304 [http-nio-8080-exec-9] DEBUG com.test.demo.user.dao.UserDao.queryUsers - ==> Parameters: 
2019-09-04 10:32:36.306 [http-nio-8080-exec-9] DEBUG com.test.demo.user.dao.UserDao.queryUsers - <==      Total: 4
2019-09-04 10:34:28.564 [main] DEBUG com.test.demo.DemoApplication - Running with Spring Boot v2.1.7.RELEASE, Spring v5.1.9.RELEASE
2019-09-04 10:35:18.655 [main] DEBUG com.test.demo.DemoApplication - Running with Spring Boot v2.1.7.RELEASE, Spring v5.1.9.RELEASE
2019-09-04 10:38:40.620 [main] DEBUG com.test.demo.DemoApplication - Running with Spring Boot v2.1.7.RELEASE, Spring v5.1.9.RELEASE
2019-09-04 10:41:19.043 [main] DEBUG com.test.demo.DemoApplication - Running with Spring Boot v2.1.7.RELEASE, Spring v5.1.9.RELEASE
2019-09-04 10:42:21.124 [main] DEBUG com.test.demo.DemoApplication - Running with Spring Boot v2.1.7.RELEASE, Spring v5.1.9.RELEASE
2019-09-04 10:47:59.968 [main] DEBUG com.test.demo.DemoApplication - Running with Spring Boot v2.1.7.RELEASE, Spring v5.1.9.RELEASE
2019-09-04 10:50:30.759 [main] DEBUG com.test.demo.DemoApplication - Running with Spring Boot v2.1.7.RELEASE, Spring v5.1.9.RELEASE
2019-09-04 10:51:20.841 [main] DEBUG com.test.demo.DemoApplication - Running with Spring Boot v2.1.7.RELEASE, Spring v5.1.9.RELEASE
2019-09-04 10:52:46.278 [main] DEBUG com.test.demo.DemoApplication - Running with Spring Boot v2.1.7.RELEASE, Spring v5.1.9.RELEASE
2019-09-04 10:53:29.558 [main] DEBUG com.test.demo.DemoApplication - Running with Spring Boot v2.1.7.RELEASE, Spring v5.1.9.RELEASE
2019-09-04 10:53:55.658 [main] DEBUG com.test.demo.DemoApplication - Running with Spring Boot v2.1.7.RELEASE, Spring v5.1.9.RELEASE
2019-09-04 11:08:56.658 [main] DEBUG com.test.demo.DemoApplication - Running with Spring Boot v2.1.7.RELEASE, Spring v5.1.9.RELEASE
2019-09-04 11:57:25.624 [http-nio-8080-exec-7] DEBUG com.test.demo.user.dao.UserDao.queryUsers - ==>  Preparing: select * from user 
2019-09-04 11:57:25.638 [http-nio-8080-exec-7] DEBUG com.test.demo.user.dao.UserDao.queryUsers - ==> Parameters: 
2019-09-04 11:57:25.652 [http-nio-8080-exec-7] DEBUG com.test.demo.user.dao.UserDao.queryUsers - <==      Total: 4
2019-09-04 11:58:28.156 [main] DEBUG com.test.demo.DemoApplication - Running with Spring Boot v2.1.7.RELEASE, Spring v5.1.9.RELEASE
2019-09-04 11:59:00.639 [main] DEBUG com.test.demo.DemoApplication - Running with Spring Boot v2.1.7.RELEASE, Spring v5.1.9.RELEASE
2019-09-04 14:07:37.485 [main] DEBUG com.test.demo.DemoApplication - Running with Spring Boot v2.1.7.RELEASE, Spring v5.1.9.RELEASE
2019-09-04 14:08:15.893 [main] DEBUG com.test.demo.DemoApplication - Running with Spring Boot v2.1.7.RELEASE, Spring v5.1.9.RELEASE
2019-09-04 14:09:24.591 [main] DEBUG com.test.demo.DemoApplication - Running with Spring Boot v2.1.7.RELEASE, Spring v5.1.9.RELEASE
2019-09-04 14:10:07.278 [main] DEBUG com.test.demo.DemoApplication - Running with Spring Boot v2.1.7.RELEASE, Spring v5.1.9.RELEASE
2019-09-04 14:10:44.727 [main] DEBUG com.test.demo.DemoApplication - Running with Spring Boot v2.1.7.RELEASE, Spring v5.1.9.RELEASE
2019-09-04 14:11:54.471 [main] DEBUG com.test.demo.DemoApplication - Running with Spring Boot v2.1.7.RELEASE, Spring v5.1.9.RELEASE
2019-09-04 14:14:08.893 [main] DEBUG com.test.demo.DemoApplication - Running with Spring Boot v2.1.7.RELEASE, Spring v5.1.9.RELEASE
2019-09-04 14:16:04.199 [main] DEBUG com.test.demo.DemoApplication - Running with Spring Boot v2.1.7.RELEASE, Spring v5.1.9.RELEASE
2019-09-04 14:17:02.179 [main] DEBUG com.test.demo.DemoApplication - Running with Spring Boot v2.1.7.RELEASE, Spring v5.1.9.RELEASE
2019-09-04 14:17:31.950 [main] DEBUG com.test.demo.DemoApplication - Running with Spring Boot v2.1.7.RELEASE, Spring v5.1.9.RELEASE
2019-09-04 14:18:34.037 [main] DEBUG com.test.demo.DemoApplication - Running with Spring Boot v2.1.7.RELEASE, Spring v5.1.9.RELEASE
2019-09-04 14:21:24.015 [main] DEBUG com.test.demo.DemoApplication - Running with Spring Boot v2.1.7.RELEASE, Spring v5.1.9.RELEASE
2019-09-04 14:26:36.152 [main] DEBUG com.test.demo.DemoApplication - Running with Spring Boot v2.1.7.RELEASE, Spring v5.1.9.RELEASE
2019-09-04 14:28:44.011 [main] DEBUG com.test.demo.DemoApplication - Running with Spring Boot v2.1.7.RELEASE, Spring v5.1.9.RELEASE
2019-09-04 14:32:51.480 [main] DEBUG com.test.demo.DemoApplication - Running with Spring Boot v2.1.7.RELEASE, Spring v5.1.9.RELEASE
2019-09-04 14:38:30.317 [main] DEBUG com.test.demo.DemoApplication - Running with Spring Boot v2.1.7.RELEASE, Spring v5.1.9.RELEASE
2019-09-04 14:39:24.218 [main] DEBUG com.test.demo.DemoApplication - Running with Spring Boot v2.1.7.RELEASE, Spring v5.1.9.RELEASE
2019-09-04 14:40:09.057 [main] DEBUG com.test.demo.DemoApplication - Running with Spring Boot v2.1.7.RELEASE, Spring v5.1.9.RELEASE
2019-09-04 15:12:33.626 [main] DEBUG com.test.demo.DemoApplication - Running with Spring Boot v2.1.7.RELEASE, Spring v5.1.9.RELEASE
2019-09-04 15:17:01.147 [main] DEBUG com.test.demo.DemoApplication - Running with Spring Boot v2.1.7.RELEASE, Spring v5.1.9.RELEASE
2019-09-04 15:17:58.494 [main] DEBUG com.test.demo.DemoApplication - Running with Spring Boot v2.1.7.RELEASE, Spring v5.1.9.RELEASE
2019-09-04 15:19:08.995 [main] DEBUG com.test.demo.DemoApplication - Running with Spring Boot v2.1.7.RELEASE, Spring v5.1.9.RELEASE
2019-09-04 15:21:20.837 [main] DEBUG com.test.demo.DemoApplication - Running with Spring Boot v2.1.7.RELEASE, Spring v5.1.9.RELEASE
2019-09-04 15:22:43.001 [main] DEBUG com.test.demo.DemoApplication - Running with Spring Boot v2.1.7.RELEASE, Spring v5.1.9.RELEASE
2019-09-04 15:32:45.527 [http-nio-8080-exec-8] DEBUG com.test.demo.user.dao.UserDao.queryUsers - ==>  Preparing: select * from user 
2019-09-04 15:32:45.541 [http-nio-8080-exec-8] DEBUG com.test.demo.user.dao.UserDao.queryUsers - ==> Parameters: 
2019-09-04 15:32:45.555 [http-nio-8080-exec-8] DEBUG com.test.demo.user.dao.UserDao.queryUsers - <==      Total: 4
2019-09-04 15:41:30.252 [main] DEBUG com.test.demo.DemoApplication - Running with Spring Boot v2.1.7.RELEASE, Spring v5.1.9.RELEASE
2019-09-04 15:47:31.626 [main] DEBUG com.test.demo.DemoApplication - Running with Spring Boot v2.1.7.RELEASE, Spring v5.1.9.RELEASE
2019-09-04 15:50:21.268 [main] DEBUG com.test.demo.DemoApplication - Running with Spring Boot v2.1.7.RELEASE, Spring v5.1.9.RELEASE
2019-09-04 15:53:12.681 [main] DEBUG com.test.demo.DemoApplication - Running with Spring Boot v2.1.7.RELEASE, Spring v5.1.9.RELEASE
2019-09-04 15:54:14.736 [main] DEBUG com.test.demo.DemoApplication - Running with Spring Boot v2.1.7.RELEASE, Spring v5.1.9.RELEASE
2019-09-04 15:54:31.041 [main] DEBUG com.test.demo.DemoApplication - Running with Spring Boot v2.1.7.RELEASE, Spring v5.1.9.RELEASE
2019-09-04 16:03:00.291 [main] DEBUG com.test.demo.DemoApplication - Running with Spring Boot v2.1.7.RELEASE, Spring v5.1.9.RELEASE
2019-09-04 16:04:19.820 [main] DEBUG com.test.demo.DemoApplication - Running with Spring Boot v2.1.7.RELEASE, Spring v5.1.9.RELEASE
2019-09-04 16:05:15.854 [main] DEBUG com.test.demo.DemoApplication - Running with Spring Boot v2.1.7.RELEASE, Spring v5.1.9.RELEASE
2019-09-04 16:06:30.889 [main] DEBUG com.test.demo.DemoApplication - Running with Spring Boot v2.1.7.RELEASE, Spring v5.1.9.RELEASE
2019-09-04 16:07:13.751 [main] DEBUG com.test.demo.DemoApplication - Running with Spring Boot v2.1.7.RELEASE, Spring v5.1.9.RELEASE
2019-09-04 16:09:26.522 [main] DEBUG com.test.demo.DemoApplication - Running with Spring Boot v2.1.7.RELEASE, Spring v5.1.9.RELEASE
2019-09-04 16:13:33.354 [main] DEBUG com.test.demo.DemoApplication - Running with Spring Boot v2.1.7.RELEASE, Spring v5.1.9.RELEASE
2019-09-04 16:14:46.301 [main] DEBUG com.test.demo.DemoApplication - Running with Spring Boot v2.1.7.RELEASE, Spring v5.1.9.RELEASE
2019-09-04 16:22:25.930 [main] DEBUG com.test.demo.DemoApplication - Running with Spring Boot v2.1.7.RELEASE, Spring v5.1.9.RELEASE
2019-09-04 16:23:17.471 [main] DEBUG com.test.demo.DemoApplication - Running with Spring Boot v2.1.7.RELEASE, Spring v5.1.9.RELEASE
2019-09-04 16:29:08.756 [main] DEBUG com.test.demo.DemoApplication - Running with Spring Boot v2.1.7.RELEASE, Spring v5.1.9.RELEASE
2019-09-04 16:30:47.849 [main] DEBUG com.test.demo.DemoApplication - Running with Spring Boot v2.1.7.RELEASE, Spring v5.1.9.RELEASE
2019-09-04 16:32:59.361 [main] DEBUG com.test.demo.DemoApplication - Running with Spring Boot v2.1.7.RELEASE, Spring v5.1.9.RELEASE
2019-09-04 16:34:18.937 [main] DEBUG com.test.demo.DemoApplication - Running with Spring Boot v2.1.7.RELEASE, Spring v5.1.9.RELEASE
2019-09-04 16:45:00.679 [http-nio-8080-exec-9] DEBUG com.test.demo.user.dao.UserDao.queryUserById - ==>  Preparing: select * from user where id=? 
2019-09-04 16:45:00.695 [http-nio-8080-exec-9] DEBUG com.test.demo.user.dao.UserDao.queryUserById - ==> Parameters: 1(Integer)
2019-09-04 16:45:00.709 [http-nio-8080-exec-9] DEBUG com.test.demo.user.dao.UserDao.queryUserById - <==      Total: 1
2019-09-04 16:45:04.223 [http-nio-8080-exec-10] DEBUG com.test.demo.user.dao.UserDao.queryUserById - ==>  Preparing: select * from user where id=? 
2019-09-04 16:45:04.224 [http-nio-8080-exec-10] DEBUG com.test.demo.user.dao.UserDao.queryUserById - ==> Parameters: 2(Integer)
2019-09-04 16:45:04.225 [http-nio-8080-exec-10] DEBUG com.test.demo.user.dao.UserDao.queryUserById - <==      Total: 1
2019-09-04 16:45:06.593 [http-nio-8080-exec-1] DEBUG com.test.demo.user.dao.UserDao.queryUserById - ==>  Preparing: select * from user where id=? 
2019-09-04 16:45:06.593 [http-nio-8080-exec-1] DEBUG com.test.demo.user.dao.UserDao.queryUserById - ==> Parameters: 3(Integer)
2019-09-04 16:45:06.594 [http-nio-8080-exec-1] DEBUG com.test.demo.user.dao.UserDao.queryUserById - <==      Total: 0
2019-09-04 16:45:08.963 [http-nio-8080-exec-2] DEBUG com.test.demo.user.dao.UserDao.queryUserById - ==>  Preparing: select * from user where id=? 
2019-09-04 16:45:08.963 [http-nio-8080-exec-2] DEBUG com.test.demo.user.dao.UserDao.queryUserById - ==> Parameters: 4(Integer)
2019-09-04 16:45:08.965 [http-nio-8080-exec-2] DEBUG com.test.demo.user.dao.UserDao.queryUserById - <==      Total: 1
2019-09-04 16:45:59.084 [main] DEBUG com.test.demo.DemoApplication - Running with Spring Boot v2.1.7.RELEASE, Spring v5.1.9.RELEASE
2019-09-04 16:50:23.595 [main] DEBUG com.test.demo.DemoApplication - Running with Spring Boot v2.1.7.RELEASE, Spring v5.1.9.RELEASE
2019-09-04 17:04:02.029 [main] DEBUG com.test.demo.DemoApplication - Running with Spring Boot v2.1.7.RELEASE, Spring v5.1.9.RELEASE
2019-09-04 17:08:55.291 [main] DEBUG com.test.demo.DemoApplication - Running with Spring Boot v2.1.7.RELEASE, Spring v5.1.9.RELEASE
2019-09-04 17:09:11.975 [main] DEBUG com.test.demo.DemoApplication - Running with Spring Boot v2.1.7.RELEASE, Spring v5.1.9.RELEASE
2019-09-04 17:55:43.636 [main] DEBUG com.test.demo.DemoApplication - Running with Spring Boot v2.1.7.RELEASE, Spring v5.1.9.RELEASE
2019-09-04 17:56:01.469 [main] DEBUG com.test.demo.DemoApplication - Running with Spring Boot v2.1.7.RELEASE, Spring v5.1.9.RELEASE
