2019-09-16 17:58:17.607 [main] INFO  com.test.demo.DemoApplication - Starting DemoApplication on dh10 with PID 4796 (started by Administrator in E:\IDEA\IDEA WorkSpace\test)
2019-09-16 17:58:17.653 [main] INFO  com.test.demo.DemoApplication - No active profile set, falling back to default profiles: default
2019-09-16 17:58:18.833 [main] INFO  o.s.d.r.config.RepositoryConfigurationDelegate - Multiple Spring Data modules found, entering strict repository configuration mode!
2019-09-16 17:58:18.835 [main] INFO  o.s.d.r.config.RepositoryConfigurationDelegate - Bootstrapping Spring Data repositories in DEFAULT mode.
2019-09-16 17:58:18.867 [main] INFO  o.s.d.r.config.RepositoryConfigurationDelegate - Finished Spring Data repository scanning in 23ms. Found 0 repository interfaces.
2019-09-16 17:58:19.168 [main] INFO  o.s.c.s.PostProcessorRegistrationDelegate$BeanPostProcessorChecker - Bean 'org.springframework.ws.config.annotation.DelegatingWsConfiguration' of type [org.springframework.ws.config.annotation.DelegatingWsConfiguration$$EnhancerBySpringCGLIB$$f72f00b2] is not eligible for getting processed by all BeanPostProcessors (for example: not eligible for auto-proxying)
2019-09-16 17:58:19.195 [main] INFO  o.s.w.s.a.server.AnnotationActionEndpointMapping - Supporting [WS-Addressing August 2004, WS-Addressing 1.0]
2019-09-16 17:58:19.245 [main] INFO  o.s.c.s.PostProcessorRegistrationDelegate$BeanPostProcessorChecker - Bean 'org.springframework.transaction.annotation.ProxyTransactionManagementConfiguration' of type [org.springframework.transaction.annotation.ProxyTransactionManagementConfiguration$$EnhancerBySpringCGLIB$$52973bb3] is not eligible for getting processed by all BeanPostProcessors (for example: not eligible for auto-proxying)
2019-09-16 17:58:19.338 [main] INFO  o.s.c.s.PostProcessorRegistrationDelegate$BeanPostProcessorChecker - Bean 'demoApplication' of type [com.test.demo.DemoApplication$$EnhancerBySpringCGLIB$$da3f2729] is not eligible for getting processed by all BeanPostProcessors (for example: not eligible for auto-proxying)
2019-09-16 17:58:19.407 [main] INFO  o.s.c.s.PostProcessorRegistrationDelegate$BeanPostProcessorChecker - Bean 'duridDatasource' of type [com.alibaba.druid.pool.DruidDataSource] is not eligible for getting processed by all BeanPostProcessors (for example: not eligible for auto-proxying)
2019-09-16 17:58:19.517 [main] INFO  o.s.c.s.PostProcessorRegistrationDelegate$BeanPostProcessorChecker - Bean 'spring.datasource-org.springframework.boot.autoconfigure.jdbc.DataSourceProperties' of type [org.springframework.boot.autoconfigure.jdbc.DataSourceProperties] is not eligible for getting processed by all BeanPostProcessors (for example: not eligible for auto-proxying)
2019-09-16 17:58:19.527 [main] INFO  o.s.c.s.PostProcessorRegistrationDelegate$BeanPostProcessorChecker - Bean 'org.springframework.boot.autoconfigure.jdbc.DataSourceInitializerInvoker' of type [org.springframework.boot.autoconfigure.jdbc.DataSourceInitializerInvoker] is not eligible for getting processed by all BeanPostProcessors (for example: not eligible for auto-proxying)
2019-09-16 17:58:19.532 [main] INFO  o.s.c.s.PostProcessorRegistrationDelegate$BeanPostProcessorChecker - Bean 'org.springframework.boot.autoconfigure.transaction.TransactionAutoConfiguration' of type [org.springframework.boot.autoconfigure.transaction.TransactionAutoConfiguration$$EnhancerBySpringCGLIB$$e70b36bd] is not eligible for getting processed by all BeanPostProcessors (for example: not eligible for auto-proxying)
2019-09-16 17:58:19.539 [main] INFO  o.s.c.s.PostProcessorRegistrationDelegate$BeanPostProcessorChecker - Bean 'spring.transaction-org.springframework.boot.autoconfigure.transaction.TransactionProperties' of type [org.springframework.boot.autoconfigure.transaction.TransactionProperties] is not eligible for getting processed by all BeanPostProcessors (for example: not eligible for auto-proxying)
2019-09-16 17:58:19.542 [main] INFO  o.s.c.s.PostProcessorRegistrationDelegate$BeanPostProcessorChecker - Bean 'platformTransactionManagerCustomizers' of type [org.springframework.boot.autoconfigure.transaction.TransactionManagerCustomizers] is not eligible for getting processed by all BeanPostProcessors (for example: not eligible for auto-proxying)
2019-09-16 17:58:19.543 [main] INFO  o.s.c.s.PostProcessorRegistrationDelegate$BeanPostProcessorChecker - Bean 'org.springframework.boot.autoconfigure.jdbc.DataSourceTransactionManagerAutoConfiguration$DataSourceTransactionManagerConfiguration' of type [org.springframework.boot.autoconfigure.jdbc.DataSourceTransactionManagerAutoConfiguration$DataSourceTransactionManagerConfiguration$$EnhancerBySpringCGLIB$$ff97d422] is not eligible for getting processed by all BeanPostProcessors (for example: not eligible for auto-proxying)
2019-09-16 17:58:19.550 [main] INFO  o.s.c.s.PostProcessorRegistrationDelegate$BeanPostProcessorChecker - Bean 'transactionManager' of type [org.springframework.jdbc.datasource.DataSourceTransactionManager] is not eligible for getting processed by all BeanPostProcessors (for example: not eligible for auto-proxying)
2019-09-16 17:58:19.558 [main] INFO  o.s.c.s.PostProcessorRegistrationDelegate$BeanPostProcessorChecker - Bean 'transactionConfig' of type [com.test.demo.publicres.config.TransactionConfig$$EnhancerBySpringCGLIB$$ec5973f] is not eligible for getting processed by all BeanPostProcessors (for example: not eligible for auto-proxying)
2019-09-16 17:58:19.562 [main] INFO  o.s.c.s.PostProcessorRegistrationDelegate$BeanPostProcessorChecker - Bean 'txAdvice' of type [org.springframework.transaction.interceptor.TransactionInterceptor] is not eligible for getting processed by all BeanPostProcessors (for example: not eligible for auto-proxying)
2019-09-16 17:58:19.563 [main] INFO  o.s.c.s.PostProcessorRegistrationDelegate$BeanPostProcessorChecker - Bean 'txAdviceAdvisor' of type [org.springframework.aop.support.DefaultPointcutAdvisor] is not eligible for getting processed by all BeanPostProcessors (for example: not eligible for auto-proxying)
2019-09-16 17:58:19.898 [main] INFO  o.s.boot.web.embedded.tomcat.TomcatWebServer - Tomcat initialized with port(s): 8080 (http)
2019-09-16 17:58:19.909 [main] INFO  org.apache.coyote.http11.Http11NioProtocol - Initializing ProtocolHandler ["http-nio-8080"]
2019-09-16 17:58:19.919 [main] INFO  org.apache.catalina.core.StandardService - Starting service [Tomcat]
2019-09-16 17:58:19.919 [main] INFO  org.apache.catalina.core.StandardEngine - Starting Servlet engine: [Apache Tomcat/9.0.22]
2019-09-16 17:58:20.035 [main] INFO  o.a.c.core.ContainerBase.[Tomcat].[localhost].[/] - Initializing Spring embedded WebApplicationContext
2019-09-16 17:58:20.036 [main] INFO  org.springframework.web.context.ContextLoader - Root WebApplicationContext: initialization completed in 2333 ms
2019-09-16 17:58:20.385 [main] INFO  com.alibaba.druid.pool.DruidDataSource - {dataSource-1} inited
2019-09-16 17:58:21.171 [main] INFO  s.d.s.w.PropertySourcedRequestMappingHandlerMapping - Mapped URL path [/v2/api-docs] onto method [public org.springframework.http.ResponseEntity<springfox.documentation.spring.web.json.Json> springfox.documentation.swagger2.web.Swagger2Controller.getDocumentation(java.lang.String,javax.servlet.http.HttpServletRequest)]
2019-09-16 17:58:21.481 [main] INFO  o.s.scheduling.concurrent.ThreadPoolTaskExecutor - Initializing ExecutorService 'applicationTaskExecutor'
2019-09-16 17:58:22.514 [main] INFO  s.d.s.web.plugins.DocumentationPluginsBootstrapper - Context refreshed
2019-09-16 17:58:22.529 [main] INFO  s.d.s.web.plugins.DocumentationPluginsBootstrapper - Found 1 custom documentation plugin(s)
2019-09-16 17:58:22.562 [main] INFO  s.d.spring.web.scanners.ApiListingReferenceScanner - Scanning for api listing references
2019-09-16 17:58:22.707 [main] INFO  org.apache.coyote.http11.Http11NioProtocol - Starting ProtocolHandler ["http-nio-8080"]
2019-09-16 17:58:22.727 [main] INFO  o.s.boot.web.embedded.tomcat.TomcatWebServer - Tomcat started on port(s): 8080 (http) with context path ''
2019-09-16 17:58:22.729 [main] INFO  com.test.demo.DemoApplication - Started DemoApplication in 5.631 seconds (JVM running for 6.249)
2019-09-16 17:58:34.462 [http-nio-8080-exec-1] INFO  o.a.c.core.ContainerBase.[Tomcat].[localhost].[/] - Initializing Spring DispatcherServlet 'dispatcherServlet'
2019-09-16 17:58:34.462 [http-nio-8080-exec-1] INFO  org.springframework.web.servlet.DispatcherServlet - Initializing Servlet 'dispatcherServlet'
2019-09-16 17:58:34.480 [http-nio-8080-exec-1] INFO  org.springframework.web.servlet.DispatcherServlet - Completed initialization in 18 ms
2019-09-16 17:58:45.072 [http-nio-8080-exec-9] INFO  com.test.demo.publicres.config.TransactionConfig - 【注解：Around . 环绕前】方法环绕start.....
2019-09-16 17:58:45.072 [http-nio-8080-exec-9] INFO  com.test.demo.publicres.config.TransactionConfig - 【注解：Before】------------------切面  before
2019-09-16 17:58:45.072 [http-nio-8080-exec-9] INFO  com.test.demo.publicres.config.TransactionConfig - 【注解：Before】浏览器输入的网址=URL : http://localhost:8080/v1/user
2019-09-16 17:58:45.072 [http-nio-8080-exec-9] INFO  com.test.demo.publicres.config.TransactionConfig - 【注解：Before】HTTP_METHOD : GET
2019-09-16 17:58:45.072 [http-nio-8080-exec-9] INFO  com.test.demo.publicres.config.TransactionConfig - 【注解：Before】IP : 0:0:0:0:0:0:0:1
2019-09-16 17:58:45.074 [http-nio-8080-exec-9] INFO  com.test.demo.publicres.config.TransactionConfig - 【注解：Before】执行的业务方法名=CLASS_METHOD : com.test.demo.user.impl.UserServiceImpl.queryUsers
2019-09-16 17:58:45.074 [http-nio-8080-exec-9] INFO  com.test.demo.publicres.config.TransactionConfig - 【注解：Before】业务方法获得的参数=ARGS : []
2019-09-16 17:58:45.204 [http-nio-8080-exec-9] INFO  com.test.demo.publicres.config.TransactionConfig - 【注解：Around. 环绕后】方法环绕proceed，结果是 :[User(id=1, userName=user, passWord=123456, address=河南郑州, phone=15239726452, description=测试描述), User(id=2, userName=admin, passWord=123456, address=河南信阳, phone=18296541256, description=测试描述2), User(id=4, userName=zhangsan, passWord=lisi, address=null, phone=null, description=null), User(id=5, userName=zhangsan, passWord=lisi, address=null, phone=null, description=null), User(id=7, userName=string, passWord=string, address=string, phone=string, description=string), User(id=8, userName=string, passWord=1, address=string, phone=1, description=string)]
2019-09-16 17:58:45.204 [http-nio-8080-exec-9] INFO  com.test.demo.publicres.config.TransactionConfig - 【注解：After】方法最后执行.....
2019-09-16 17:58:45.204 [http-nio-8080-exec-9] INFO  com.test.demo.publicres.config.TransactionConfig - 【注解：AfterReturning】这个会在切面最后的最后打印，方法的返回值 : [User(id=1, userName=user, passWord=123456, address=河南郑州, phone=15239726452, description=测试描述), User(id=2, userName=admin, passWord=123456, address=河南信阳, phone=18296541256, description=测试描述2), User(id=4, userName=zhangsan, passWord=lisi, address=null, phone=null, description=null), User(id=5, userName=zhangsan, passWord=lisi, address=null, phone=null, description=null), User(id=7, userName=string, passWord=string, address=string, phone=string, description=string), User(id=8, userName=string, passWord=1, address=string, phone=1, description=string)]
