2019-09-05 09:28:36.180 [main] DEBUG com.test.demo.DemoApplication - Running with Spring Boot v2.1.7.RELEASE, Spring v5.1.9.RELEASE
2019-09-05 09:34:36.281 [main] DEBUG com.test.demo.DemoApplication - Running with Spring Boot v2.1.7.RELEASE, Spring v5.1.9.RELEASE
2019-09-05 09:34:57.138 [http-nio-8080-exec-1] DEBUG com.test.demo.user.dao.UserDao.queryUsers - ==>  Preparing: select * from user 
2019-09-05 09:34:57.167 [http-nio-8080-exec-1] DEBUG com.test.demo.user.dao.UserDao.queryUsers - ==> Parameters: 
2019-09-05 09:34:57.236 [http-nio-8080-exec-1] DEBUG com.test.demo.user.dao.UserDao.queryUsers - <==      Total: 4
2019-09-05 09:36:31.430 [main] DEBUG com.test.demo.DemoApplication - Running with Spring Boot v2.1.7.RELEASE, Spring v5.1.9.RELEASE
2019-09-05 09:39:25.662 [main] DEBUG com.test.demo.DemoApplication - Running with Spring Boot v2.1.7.RELEASE, Spring v5.1.9.RELEASE
2019-09-05 09:39:55.252 [main] DEBUG com.test.demo.DemoApplication - Running with Spring Boot v2.1.7.RELEASE, Spring v5.1.9.RELEASE
2019-09-05 09:44:53.568 [main] DEBUG com.test.demo.DemoApplication - Running with Spring Boot v2.1.7.RELEASE, Spring v5.1.9.RELEASE
2019-09-05 09:45:01.280 [http-nio-8080-exec-1] DEBUG com.test.demo.user.dao.UserDao.queryUsers - ==>  Preparing: select * from user 
2019-09-05 09:45:01.294 [http-nio-8080-exec-1] DEBUG com.test.demo.user.dao.UserDao.queryUsers - ==> Parameters: 
2019-09-05 09:45:01.308 [http-nio-8080-exec-1] DEBUG com.test.demo.user.dao.UserDao.queryUsers - <==      Total: 4
2019-09-05 09:46:27.230 [main] DEBUG com.test.demo.DemoApplication - Running with Spring Boot v2.1.7.RELEASE, Spring v5.1.9.RELEASE
2019-09-05 09:46:49.949 [http-nio-8080-exec-1] DEBUG com.test.demo.user.dao.UserDao.addUser - ==>  Preparing: insert into user ( userName ) values ( ? ) 
2019-09-05 09:46:49.979 [http-nio-8080-exec-1] DEBUG com.test.demo.user.dao.UserDao.addUser - ==> Parameters: asdasd(String)
2019-09-05 09:46:50.001 [http-nio-8080-exec-1] DEBUG com.test.demo.user.dao.UserDao.addUser - <==    Updates: 1
2019-09-05 09:46:50.348 [http-nio-8080-exec-1] DEBUG com.test.demo.user.dao.UserDao.queryUserById - ==>  Preparing: select * from user where id=? 
2019-09-05 09:46:50.349 [http-nio-8080-exec-1] DEBUG com.test.demo.user.dao.UserDao.queryUserById - ==> Parameters: 6(Integer)
2019-09-05 09:46:50.366 [http-nio-8080-exec-1] DEBUG com.test.demo.user.dao.UserDao.queryUserById - <==      Total: 1
2019-09-05 09:48:47.827 [main] DEBUG com.test.demo.DemoApplication - Running with Spring Boot v2.1.7.RELEASE, Spring v5.1.9.RELEASE
2019-09-05 09:49:05.804 [main] DEBUG com.test.demo.DemoApplication - Running with Spring Boot v2.1.7.RELEASE, Spring v5.1.9.RELEASE
2019-09-05 09:49:38.400 [http-nio-8080-exec-1] DEBUG com.test.demo.user.dao.UserDao.addUser - ==>  Preparing: insert into user 
2019-09-05 09:49:38.414 [http-nio-8080-exec-1] DEBUG com.test.demo.user.dao.UserDao.addUser - ==> Parameters: 
2019-09-05 09:49:49.177 [main] DEBUG com.test.demo.DemoApplication - Running with Spring Boot v2.1.7.RELEASE, Spring v5.1.9.RELEASE
2019-09-05 09:50:08.904 [http-nio-8080-exec-3] DEBUG com.test.demo.user.dao.UserDao.addUser - ==>  Preparing: insert into user ( userName, passWord, address, phone, description ) values ( ?, ?, ?, ?, ? ) 
2019-09-05 09:50:08.919 [http-nio-8080-exec-3] DEBUG com.test.demo.user.dao.UserDao.addUser - ==> Parameters: string(String), string(String), string(String), string(String), string(String)
2019-09-05 09:50:08.944 [http-nio-8080-exec-3] DEBUG com.test.demo.user.dao.UserDao.addUser - <==    Updates: 1
2019-09-05 09:50:09.158 [http-nio-8080-exec-3] DEBUG com.test.demo.user.dao.UserDao.queryUserById - ==>  Preparing: select * from user where id=? 
2019-09-05 09:50:09.159 [http-nio-8080-exec-3] DEBUG com.test.demo.user.dao.UserDao.queryUserById - ==> Parameters: 7(Integer)
2019-09-05 09:50:09.178 [http-nio-8080-exec-3] DEBUG com.test.demo.user.dao.UserDao.queryUserById - <==      Total: 1
2019-09-05 09:50:53.240 [http-nio-8080-exec-10] DEBUG com.test.demo.user.dao.UserDao.addUser - ==>  Preparing: insert into user ( userName, passWord, address, phone, description ) values ( ?, ?, ?, ?, ? ) 
2019-09-05 09:50:53.241 [http-nio-8080-exec-10] DEBUG com.test.demo.user.dao.UserDao.addUser - ==> Parameters: string(String), string(String), string(String), string(String), string(String)
2019-09-05 09:50:53.264 [http-nio-8080-exec-10] DEBUG com.test.demo.user.dao.UserDao.addUser - <==    Updates: 1
2019-09-05 09:50:53.349 [http-nio-8080-exec-10] DEBUG com.test.demo.user.dao.UserDao.queryUserById - ==>  Preparing: select * from user where id=? 
2019-09-05 09:50:53.349 [http-nio-8080-exec-10] DEBUG com.test.demo.user.dao.UserDao.queryUserById - ==> Parameters: 8(Integer)
2019-09-05 09:50:53.351 [http-nio-8080-exec-10] DEBUG com.test.demo.user.dao.UserDao.queryUserById - <==      Total: 1
2019-09-05 10:05:32.081 [main] DEBUG com.test.demo.DemoApplication - Running with Spring Boot v2.1.7.RELEASE, Spring v5.1.9.RELEASE
2019-09-05 10:06:42.359 [main] DEBUG com.test.demo.DemoApplication - Running with Spring Boot v2.1.7.RELEASE, Spring v5.1.9.RELEASE
2019-09-05 10:06:59.944 [http-nio-8080-exec-5] DEBUG com.test.demo.user.dao.UserDao.updateUserById - ==>  Preparing: update user SET userName=?, passWord=?, address=?, phone=?, description=? where id = ? 
2019-09-05 10:06:59.959 [http-nio-8080-exec-5] DEBUG com.test.demo.user.dao.UserDao.updateUserById - ==> Parameters: string(String), string(String), string(String), string(String), string(String), 0(Integer)
2019-09-05 10:06:59.961 [http-nio-8080-exec-5] DEBUG com.test.demo.user.dao.UserDao.updateUserById - <==    Updates: 0
2019-09-05 10:06:59.966 [http-nio-8080-exec-5] DEBUG com.test.demo.user.dao.UserDao.queryUserById - ==>  Preparing: select * from user where id=? 
2019-09-05 10:06:59.966 [http-nio-8080-exec-5] DEBUG com.test.demo.user.dao.UserDao.queryUserById - ==> Parameters: 0(Integer)
2019-09-05 10:06:59.974 [http-nio-8080-exec-5] DEBUG com.test.demo.user.dao.UserDao.queryUserById - <==      Total: 0
2019-09-05 10:07:21.153 [http-nio-8080-exec-2] DEBUG com.test.demo.user.dao.UserDao.updateUserById - ==>  Preparing: update user SET userName=?, passWord=?, address=?, phone=?, description=? where id = ? 
2019-09-05 10:07:21.153 [http-nio-8080-exec-2] DEBUG com.test.demo.user.dao.UserDao.updateUserById - ==> Parameters: string(String), string(String), string(String), string(String), string(String), 0(Integer)
2019-09-05 10:07:21.155 [http-nio-8080-exec-2] DEBUG com.test.demo.user.dao.UserDao.updateUserById - <==    Updates: 0
2019-09-05 10:07:21.157 [http-nio-8080-exec-2] DEBUG com.test.demo.user.dao.UserDao.queryUserById - ==>  Preparing: select * from user where id=? 
2019-09-05 10:07:21.158 [http-nio-8080-exec-2] DEBUG com.test.demo.user.dao.UserDao.queryUserById - ==> Parameters: 0(Integer)
2019-09-05 10:07:21.159 [http-nio-8080-exec-2] DEBUG com.test.demo.user.dao.UserDao.queryUserById - <==      Total: 0
2019-09-05 10:10:43.656 [main] DEBUG com.test.demo.DemoApplication - Running with Spring Boot v2.1.7.RELEASE, Spring v5.1.9.RELEASE
2019-09-05 10:10:50.910 [http-nio-8080-exec-1] DEBUG com.test.demo.user.dao.UserDao.updateUserById - ==>  Preparing: update user SET userName=?, passWord=?, address=?, phone=?, description=? where id = ? 
2019-09-05 10:10:50.926 [http-nio-8080-exec-1] DEBUG com.test.demo.user.dao.UserDao.updateUserById - ==> Parameters: string(String), string(String), string(String), string(String), string(String), 0(Integer)
2019-09-05 10:10:50.928 [http-nio-8080-exec-1] DEBUG com.test.demo.user.dao.UserDao.updateUserById - <==    Updates: 0
2019-09-05 10:10:50.932 [http-nio-8080-exec-1] DEBUG com.test.demo.user.dao.UserDao.queryUserById - ==>  Preparing: select * from user where id=? 
2019-09-05 10:10:50.932 [http-nio-8080-exec-1] DEBUG com.test.demo.user.dao.UserDao.queryUserById - ==> Parameters: 0(Integer)
2019-09-05 10:10:50.941 [http-nio-8080-exec-1] DEBUG com.test.demo.user.dao.UserDao.queryUserById - <==      Total: 0
2019-09-05 10:10:52.806 [http-nio-8080-exec-2] DEBUG com.test.demo.user.dao.UserDao.updateUserById - ==>  Preparing: update user SET userName=?, passWord=?, address=?, phone=?, description=? where id = ? 
2019-09-05 10:10:52.806 [http-nio-8080-exec-2] DEBUG com.test.demo.user.dao.UserDao.updateUserById - ==> Parameters: string(String), string(String), string(String), string(String), string(String), 0(Integer)
2019-09-05 10:10:52.808 [http-nio-8080-exec-2] DEBUG com.test.demo.user.dao.UserDao.updateUserById - <==    Updates: 0
2019-09-05 10:10:52.811 [http-nio-8080-exec-2] DEBUG com.test.demo.user.dao.UserDao.queryUserById - ==>  Preparing: select * from user where id=? 
2019-09-05 10:10:52.811 [http-nio-8080-exec-2] DEBUG com.test.demo.user.dao.UserDao.queryUserById - ==> Parameters: 0(Integer)
2019-09-05 10:10:52.813 [http-nio-8080-exec-2] DEBUG com.test.demo.user.dao.UserDao.queryUserById - <==      Total: 0
2019-09-05 10:11:05.528 [http-nio-8080-exec-3] DEBUG com.test.demo.user.dao.UserDao.updateUserById - ==>  Preparing: update user SET userName=?, passWord=?, address=?, phone=?, description=? where id = ? 
2019-09-05 10:11:05.528 [http-nio-8080-exec-3] DEBUG com.test.demo.user.dao.UserDao.updateUserById - ==> Parameters: string(String), string(String), string(String), string(String), string(String), 6(Integer)
2019-09-05 10:11:05.540 [http-nio-8080-exec-3] DEBUG com.test.demo.user.dao.UserDao.updateUserById - <==    Updates: 1
2019-09-05 10:11:05.713 [http-nio-8080-exec-3] DEBUG com.test.demo.user.dao.UserDao.queryUserById - ==>  Preparing: select * from user where id=? 
2019-09-05 10:11:05.713 [http-nio-8080-exec-3] DEBUG com.test.demo.user.dao.UserDao.queryUserById - ==> Parameters: 6(Integer)
2019-09-05 10:11:05.718 [http-nio-8080-exec-3] DEBUG com.test.demo.user.dao.UserDao.queryUserById - <==      Total: 1
2019-09-05 10:11:14.184 [http-nio-8080-exec-4] DEBUG com.test.demo.user.dao.UserDao.updateUserById - ==>  Preparing: update user SET userName=?, passWord=?, address=?, phone=?, description=? where id = ? 
2019-09-05 10:11:14.185 [http-nio-8080-exec-4] DEBUG com.test.demo.user.dao.UserDao.updateUserById - ==> Parameters: 1(String), 3(String), 5(String), 2(String), 4(String), 6(Integer)
2019-09-05 10:11:14.192 [http-nio-8080-exec-4] DEBUG com.test.demo.user.dao.UserDao.updateUserById - <==    Updates: 1
2019-09-05 10:11:14.382 [http-nio-8080-exec-4] DEBUG com.test.demo.user.dao.UserDao.queryUserById - ==>  Preparing: select * from user where id=? 
2019-09-05 10:11:14.383 [http-nio-8080-exec-4] DEBUG com.test.demo.user.dao.UserDao.queryUserById - ==> Parameters: 6(Integer)
2019-09-05 10:11:14.386 [http-nio-8080-exec-4] DEBUG com.test.demo.user.dao.UserDao.queryUserById - <==      Total: 1
2019-09-05 10:11:24.464 [http-nio-8080-exec-6] DEBUG com.test.demo.user.dao.UserDao.updateUserById - ==>  Preparing: update user SET passWord=?, address=?, phone=?, description=? where id = ? 
2019-09-05 10:11:24.464 [http-nio-8080-exec-6] DEBUG com.test.demo.user.dao.UserDao.updateUserById - ==> Parameters: 3(String), 5(String), 2(String), 4(String), 6(Integer)
2019-09-05 10:11:24.467 [http-nio-8080-exec-6] DEBUG com.test.demo.user.dao.UserDao.updateUserById - <==    Updates: 1
2019-09-05 10:11:24.470 [http-nio-8080-exec-6] DEBUG com.test.demo.user.dao.UserDao.queryUserById - ==>  Preparing: select * from user where id=? 
2019-09-05 10:11:24.471 [http-nio-8080-exec-6] DEBUG com.test.demo.user.dao.UserDao.queryUserById - ==> Parameters: 6(Integer)
2019-09-05 10:11:24.473 [http-nio-8080-exec-6] DEBUG com.test.demo.user.dao.UserDao.queryUserById - <==      Total: 1
2019-09-05 10:11:27.456 [http-nio-8080-exec-7] DEBUG com.test.demo.user.dao.UserDao.updateUserById - ==>  Preparing: update user SET passWord=?, address=?, phone=?, description=? where id = ? 
2019-09-05 10:11:27.456 [http-nio-8080-exec-7] DEBUG com.test.demo.user.dao.UserDao.updateUserById - ==> Parameters: 3(String), 5(String), 2(String), 4(String), 6(Integer)
2019-09-05 10:11:27.457 [http-nio-8080-exec-7] DEBUG com.test.demo.user.dao.UserDao.updateUserById - <==    Updates: 1
2019-09-05 10:11:27.460 [http-nio-8080-exec-7] DEBUG com.test.demo.user.dao.UserDao.queryUserById - ==>  Preparing: select * from user where id=? 
2019-09-05 10:11:27.479 [http-nio-8080-exec-7] DEBUG com.test.demo.user.dao.UserDao.queryUserById - ==> Parameters: 6(Integer)
2019-09-05 10:11:27.481 [http-nio-8080-exec-7] DEBUG com.test.demo.user.dao.UserDao.queryUserById - <==      Total: 1
2019-09-05 10:11:27.624 [http-nio-8080-exec-8] DEBUG com.test.demo.user.dao.UserDao.updateUserById - ==>  Preparing: update user SET passWord=?, address=?, phone=?, description=? where id = ? 
2019-09-05 10:11:27.624 [http-nio-8080-exec-8] DEBUG com.test.demo.user.dao.UserDao.updateUserById - ==> Parameters: 3(String), 5(String), 2(String), 4(String), 6(Integer)
2019-09-05 10:11:27.625 [http-nio-8080-exec-8] DEBUG com.test.demo.user.dao.UserDao.updateUserById - <==    Updates: 1
2019-09-05 10:11:27.628 [http-nio-8080-exec-8] DEBUG com.test.demo.user.dao.UserDao.queryUserById - ==>  Preparing: select * from user where id=? 
2019-09-05 10:11:27.628 [http-nio-8080-exec-8] DEBUG com.test.demo.user.dao.UserDao.queryUserById - ==> Parameters: 6(Integer)
2019-09-05 10:11:27.630 [http-nio-8080-exec-8] DEBUG com.test.demo.user.dao.UserDao.queryUserById - <==      Total: 1
2019-09-05 10:11:32.284 [http-nio-8080-exec-10] DEBUG com.test.demo.user.dao.UserDao.updateUserById - ==>  Preparing: update user SET passWord=?, address=?, phone=?, description=? where id = ? 
2019-09-05 10:11:32.285 [http-nio-8080-exec-10] DEBUG com.test.demo.user.dao.UserDao.updateUserById - ==> Parameters: 3(String), 5(String), 21(String), 4(String), 6(Integer)
2019-09-05 10:11:32.294 [http-nio-8080-exec-10] DEBUG com.test.demo.user.dao.UserDao.updateUserById - <==    Updates: 1
2019-09-05 10:11:32.480 [http-nio-8080-exec-10] DEBUG com.test.demo.user.dao.UserDao.queryUserById - ==>  Preparing: select * from user where id=? 
2019-09-05 10:11:32.481 [http-nio-8080-exec-10] DEBUG com.test.demo.user.dao.UserDao.queryUserById - ==> Parameters: 6(Integer)
2019-09-05 10:11:32.484 [http-nio-8080-exec-10] DEBUG com.test.demo.user.dao.UserDao.queryUserById - <==      Total: 1
2019-09-05 10:11:37.488 [http-nio-8080-exec-9] DEBUG com.test.demo.user.dao.UserDao.updateUserById - ==>  Preparing: update user SET passWord=?, address=?, phone=?, description=? where id = ? 
2019-09-05 10:11:37.489 [http-nio-8080-exec-9] DEBUG com.test.demo.user.dao.UserDao.updateUserById - ==> Parameters: 2324(String), 5(String), 21(String), 4(String), 6(Integer)
2019-09-05 10:11:37.496 [http-nio-8080-exec-9] DEBUG com.test.demo.user.dao.UserDao.updateUserById - <==    Updates: 1
2019-09-05 10:11:37.624 [http-nio-8080-exec-9] DEBUG com.test.demo.user.dao.UserDao.queryUserById - ==>  Preparing: select * from user where id=? 
2019-09-05 10:11:37.625 [http-nio-8080-exec-9] DEBUG com.test.demo.user.dao.UserDao.queryUserById - ==> Parameters: 6(Integer)
2019-09-05 10:11:37.628 [http-nio-8080-exec-9] DEBUG com.test.demo.user.dao.UserDao.queryUserById - <==      Total: 1
